Mon May 21 10:35:01 2018: generate_static_index_html
Mon May 21 10:40:01 2018: generate_static_index_html
Mon May 21 10:45:01 2018: generate_static_index_html
Mon May 21 10:50:01 2018: generate_static_index_html
Mon May 21 10:55:01 2018: generate_static_index_html
Mon May 21 11:00:01 2018: generate_static_index_html
Mon May 21 11:05:03 2018: generate_static_index_html
Mon May 21 11:15:01 2018: generate_static_index_html
Mon May 21 11:20:01 2018: generate_static_index_html
Mon May 21 11:25:02 2018: generate_static_index_html
Mon May 21 11:30:01 2018: generate_static_index_html
Mon May 21 11:35:01 2018: generate_static_index_html
Mon May 21 11:40:01 2018: generate_static_index_html
Mon May 21 11:45:01 2018: generate_static_index_html
Mon May 21 11:50:01 2018: generate_static_index_html
Mon May 21 11:55:01 2018: generate_static_index_html
Mon May 21 12:00:01 2018: generate_static_index_html
Mon May 21 12:05:02 2018: generate_static_index_html
Mon May 21 12:10:02 2018: generate_static_index_html
Mon May 21 12:15:02 2018: generate_static_index_html
Mon May 21 12:20:00 2018: generate_static_index_html
Mon May 21 12:25:01 2018: generate_static_index_html
Mon May 21 12:30:01 2018: generate_static_index_html
Mon May 21 12:35:01 2018: generate_static_index_html
Mon May 21 12:40:01 2018: generate_static_index_html
Mon May 21 12:45:02 2018: generate_static_index_html
Mon May 21 13:30:02 2018: generate_static_index_html
Mon May 21 13:35:01 2018: generate_static_index_html
Mon May 21 13:40:01 2018: generate_static_index_html
Mon May 21 13:45:02 2018: generate_static_index_html
Mon May 21 13:50:02 2018: generate_static_index_html
Mon May 21 13:55:01 2018: generate_static_index_html
Mon May 21 14:00:02 2018: generate_static_index_html
Mon May 21 14:05:02 2018: generate_static_index_html
Mon May 21 14:10:01 2018: generate_static_index_html
Mon May 21 14:15:01 2018: generate_static_index_html
Mon May 21 14:20:02 2018: generate_static_index_html
Mon May 21 14:25:02 2018: generate_static_index_html
Mon May 21 14:30:01 2018: generate_static_index_html
Mon May 21 14:35:01 2018: generate_static_index_html
Mon May 21 14:40:01 2018: generate_static_index_html
Mon May 21 15:00:02 2018: generate_static_index_html
Mon May 21 15:05:02 2018: generate_static_index_html
Mon May 21 15:10:01 2018: generate_static_index_html
Mon May 21 15:15:01 2018: generate_static_index_html
Mon May 21 15:20:02 2018: generate_static_index_html
Mon May 21 15:25:02 2018: generate_static_index_html
Mon May 21 15:30:01 2018: generate_static_index_html
Mon May 21 15:35:02 2018: generate_static_index_html
Mon May 21 15:40:02 2018: generate_static_index_html
Mon May 21 15:45:02 2018: generate_static_index_html
Mon May 21 15:50:01 2018: generate_static_index_html
Tue May 22 08:35:02 2018: generate_static_index_html
Tue May 22 08:40:02 2018: generate_static_index_html
Tue May 22 08:45:02 2018: generate_static_index_html
Tue May 22 08:50:01 2018: generate_static_index_html
Tue May 22 08:55:01 2018: generate_static_index_html
Tue May 22 09:00:01 2018: generate_static_index_html
Tue May 22 09:05:01 2018: generate_static_index_html
Tue May 22 09:10:02 2018: generate_static_index_html
Tue May 22 09:15:01 2018: generate_static_index_html
Tue May 22 09:20:01 2018: generate_static_index_html
Tue May 22 09:25:01 2018: generate_static_index_html
Tue May 22 09:30:01 2018: generate_static_index_html
Tue May 22 09:35:01 2018: generate_static_index_html
Tue May 22 09:40:02 2018: generate_static_index_html
Tue May 22 09:45:01 2018: generate_static_index_html
Tue May 22 09:50:01 2018: generate_static_index_html
Tue May 22 09:55:01 2018: generate_static_index_html
Tue May 22 10:00:01 2018: generate_static_index_html
Tue May 22 10:05:02 2018: generate_static_index_html
Tue May 22 10:10:01 2018: generate_static_index_html
Tue May 22 10:15:01 2018: generate_static_index_html
Tue May 22 10:20:02 2018: generate_static_index_html
Tue May 22 10:25:02 2018: generate_static_index_html
Tue May 22 10:30:02 2018: generate_static_index_html
Tue May 22 10:35:01 2018: generate_static_index_html
Tue May 22 10:40:01 2018: generate_static_index_html
Tue May 22 10:45:01 2018: generate_static_index_html
Tue May 22 10:50:01 2018: generate_static_index_html
Tue May 22 10:55:02 2018: generate_static_index_html
Tue May 22 11:00:01 2018: generate_static_index_html
Tue May 22 11:05:02 2018: generate_static_index_html
Tue May 22 11:10:02 2018: generate_static_index_html
Tue May 22 11:15:01 2018: generate_static_index_html
Tue May 22 11:20:01 2018: generate_static_index_html
Tue May 22 11:25:02 2018: generate_static_index_html
Wed May 23 08:35:03 2018: generate_static_index_html
Wed May 23 08:40:01 2018: generate_static_index_html
Wed May 23 08:45:01 2018: generate_static_index_html
Wed May 23 08:50:03 2018: generate_static_index_html
Wed May 23 08:55:01 2018: generate_static_index_html
Wed May 23 09:00:01 2018: generate_static_index_html
Wed May 23 09:05:02 2018: generate_static_index_html
Wed May 23 09:10:01 2018: generate_static_index_html
Wed May 23 09:15:01 2018: generate_static_index_html
Wed May 23 09:20:00 2018: generate_static_index_html
Wed May 23 09:25:01 2018: generate_static_index_html
Wed May 23 09:39:36 2018: generate_static_index_html
Wed May 23 09:40:00 2018: generate_static_index_html
Wed May 23 09:45:01 2018: generate_static_index_html
Wed May 23 09:50:01 2018: generate_static_index_html
Wed May 23 09:55:01 2018: generate_static_index_html
Wed May 23 10:00:01 2018: generate_static_index_html
Wed May 23 10:05:01 2018: generate_static_index_html
Wed May 23 10:10:01 2018: generate_static_index_html
Wed May 23 10:15:01 2018: generate_static_index_html
Wed May 23 10:20:01 2018: generate_static_index_html
Wed May 23 10:25:01 2018: generate_static_index_html
Wed May 23 10:30:01 2018: generate_static_index_html
Wed May 23 10:35:01 2018: generate_static_index_html
Wed May 23 10:40:01 2018: generate_static_index_html
Wed May 23 10:53:01 2018: generate_static_index_html
Wed May 23 10:55:01 2018: generate_static_index_html
Wed May 23 11:00:01 2018: generate_static_index_html
Wed May 23 11:05:01 2018: generate_static_index_html
Wed May 23 11:10:01 2018: generate_static_index_html
Wed May 23 11:15:01 2018: generate_static_index_html
Wed May 23 11:20:01 2018: generate_static_index_html
Wed May 23 11:25:01 2018: generate_static_index_html
Wed May 23 11:30:01 2018: generate_static_index_html
Wed May 23 11:45:01 2018: generate_static_index_html
Wed May 23 11:50:01 2018: generate_static_index_html
Wed May 23 11:55:01 2018: generate_static_index_html
Wed May 23 12:00:01 2018: generate_static_index_html
Wed May 23 12:05:01 2018: generate_static_index_html
Wed May 23 12:10:01 2018: generate_static_index_html
Wed May 23 12:15:01 2018: generate_static_index_html
Wed May 23 12:20:01 2018: generate_static_index_html
Wed May 23 12:25:01 2018: generate_static_index_html
Wed May 23 22:25:06 2018: generate_static_index_html
Wed May 23 22:30:01 2018: generate_static_index_html
Wed May 23 22:35:01 2018: generate_static_index_html
Wed May 23 22:40:01 2018: generate_static_index_html
Wed May 23 22:45:01 2018: generate_static_index_html
Wed May 23 22:50:01 2018: generate_static_index_html
Wed May 23 22:55:01 2018: generate_static_index_html
Wed May 23 23:00:01 2018: generate_static_index_html
Wed May 23 23:05:01 2018: generate_static_index_html
Wed May 23 23:10:01 2018: generate_static_index_html
Wed May 23 23:15:01 2018: generate_static_index_html
Wed May 23 23:20:01 2018: generate_static_index_html
Wed May 23 23:25:01 2018: generate_static_index_html
Wed May 23 23:30:02 2018: generate_static_index_html
Wed May 23 23:35:00 2018: generate_static_index_html
Wed May 23 23:40:02 2018: generate_static_index_html
Wed May 23 23:45:02 2018: generate_static_index_html
Wed May 23 23:50:01 2018: generate_static_index_html
Wed May 23 23:55:01 2018: generate_static_index_html
Thu May 24 00:00:01 2018: generate_static_index_html
Thu May 24 00:05:01 2018: generate_static_index_html
Thu May 24 00:10:01 2018: generate_static_index_html
Thu May 24 00:15:01 2018: generate_static_index_html
Thu May 24 00:20:01 2018: generate_static_index_html
Thu May 24 00:25:01 2018: generate_static_index_html
Thu May 24 00:30:01 2018: generate_static_index_html
Thu May 24 00:35:01 2018: generate_static_index_html
Thu May 24 00:45:01 2018: generate_static_index_html
Thu May 24 08:35:02 2018: generate_static_index_html
Thu May 24 08:40:02 2018: generate_static_index_html
Thu May 24 08:45:01 2018: generate_static_index_html
Thu May 24 08:50:03 2018: generate_static_index_html
Thu May 24 08:55:00 2018: generate_static_index_html
Thu May 24 09:00:01 2018: generate_static_index_html
Thu May 24 09:05:01 2018: generate_static_index_html
Thu May 24 09:10:00 2018: generate_static_index_html
Thu May 24 09:15:01 2018: generate_static_index_html
Thu May 24 09:20:01 2018: generate_static_index_html
Thu May 24 09:25:01 2018: generate_static_index_html
Thu May 24 09:30:01 2018: generate_static_index_html
Thu May 24 09:45:01 2018: generate_static_index_html
Thu May 24 09:50:01 2018: generate_static_index_html
Thu May 24 09:55:01 2018: generate_static_index_html
Thu May 24 10:00:01 2018: generate_static_index_html
Thu May 24 10:05:01 2018: generate_static_index_html
Thu May 24 10:10:01 2018: generate_static_index_html
Thu May 24 10:15:01 2018: generate_static_index_html
Thu May 24 10:20:01 2018: generate_static_index_html
Thu May 24 10:25:01 2018: generate_static_index_html
Thu May 24 10:30:01 2018: generate_static_index_html
Thu May 24 10:45:02 2018: generate_static_index_html
Thu May 24 10:50:01 2018: generate_static_index_html
Thu May 24 10:55:01 2018: generate_static_index_html
Thu May 24 11:00:01 2018: generate_static_index_html
Thu May 24 11:05:01 2018: generate_static_index_html
Thu May 24 11:10:00 2018: generate_static_index_html
Thu May 24 11:15:01 2018: generate_static_index_html
Thu May 24 11:20:01 2018: generate_static_index_html
Thu May 24 11:25:01 2018: generate_static_index_html
Thu May 24 11:30:01 2018: generate_static_index_html
Thu May 24 11:35:01 2018: generate_static_index_html
Thu May 24 11:55:01 2018: generate_static_index_html
Thu May 24 12:00:01 2018: generate_static_index_html
Thu May 24 12:05:01 2018: generate_static_index_html
Thu May 24 12:10:01 2018: generate_static_index_html
Thu May 24 12:15:01 2018: generate_static_index_html
Thu May 24 12:20:00 2018: generate_static_index_html
Thu May 24 12:25:01 2018: generate_static_index_html
Thu May 24 12:30:01 2018: generate_static_index_html
Thu May 24 12:55:01 2018: generate_static_index_html
Thu May 24 13:00:01 2018: generate_static_index_html
Thu May 24 13:05:02 2018: generate_static_index_html
Thu May 24 13:10:01 2018: generate_static_index_html
Thu May 24 13:15:01 2018: generate_static_index_html
Thu May 24 13:20:02 2018: generate_static_index_html
Thu May 24 13:30:01 2018: generate_static_index_html
Thu May 24 13:35:01 2018: generate_static_index_html
Thu May 24 13:40:01 2018: generate_static_index_html
Thu May 24 13:45:02 2018: generate_static_index_html
Thu May 24 13:50:02 2018: generate_static_index_html
Thu May 24 13:55:02 2018: generate_static_index_html
Thu May 24 14:00:01 2018: generate_static_index_html
Thu May 24 14:05:01 2018: generate_static_index_html
Thu May 24 14:10:02 2018: generate_static_index_html
Thu May 24 14:15:02 2018: generate_static_index_html
Thu May 24 14:25:02 2018: generate_static_index_html
Thu May 24 14:30:02 2018: generate_static_index_html
Thu May 24 14:35:01 2018: generate_static_index_html
Thu May 24 14:40:01 2018: generate_static_index_html
Thu May 24 14:45:01 2018: generate_static_index_html
Thu May 24 15:15:01 2018: generate_static_index_html
Thu May 24 15:20:01 2018: generate_static_index_html
Thu May 24 15:25:01 2018: generate_static_index_html
Thu May 24 16:25:02 2018: generate_static_index_html
Thu May 24 16:30:01 2018: generate_static_index_html
Thu May 24 16:35:02 2018: generate_static_index_html
Thu May 24 16:40:02 2018: generate_static_index_html
Thu May 24 16:45:01 2018: generate_static_index_html
Thu May 24 16:50:02 2018: generate_static_index_html
Thu May 24 16:55:02 2018: generate_static_index_html
Thu May 24 17:00:03 2018: generate_static_index_html
Thu May 24 17:05:01 2018: generate_static_index_html
Thu May 24 17:10:02 2018: generate_static_index_html
Thu May 24 17:15:02 2018: generate_static_index_html
Thu May 24 17:35:02 2018: generate_static_index_html
Thu May 24 17:40:02 2018: generate_static_index_html
Thu May 24 17:45:01 2018: generate_static_index_html
Thu May 24 17:50:01 2018: generate_static_index_html
Thu May 24 17:55:01 2018: generate_static_index_html
Thu May 24 18:00:02 2018: generate_static_index_html
Thu May 24 18:05:01 2018: generate_static_index_html
Thu May 24 18:10:02 2018: generate_static_index_html
Thu May 24 18:15:02 2018: generate_static_index_html
Thu May 24 18:20:02 2018: generate_static_index_html
Thu May 24 18:25:02 2018: generate_static_index_html
Thu May 24 18:30:01 2018: generate_static_index_html
Thu May 24 18:35:01 2018: generate_static_index_html
Thu May 24 18:40:02 2018: generate_static_index_html
Thu May 24 18:45:01 2018: generate_static_index_html
Thu May 24 18:50:01 2018: generate_static_index_html
Thu May 24 19:20:01 2018: generate_static_index_html
Thu May 24 19:25:02 2018: generate_static_index_html
Thu May 24 19:30:01 2018: generate_static_index_html
Thu May 24 19:35:01 2018: generate_static_index_html
Thu May 24 19:40:02 2018: generate_static_index_html
Fri May 25 13:45:01 2018: generate_static_index_html
Fri May 25 13:53:11 2018: generate_static_index_html
Fri May 25 13:55:01 2018: generate_static_index_html
Fri May 25 14:00:02 2018: generate_static_index_html
Fri May 25 14:05:02 2018: generate_static_index_html
Fri May 25 14:40:01 2018: generate_static_index_html
Fri May 25 14:45:02 2018: generate_static_index_html
Fri May 25 14:50:02 2018: generate_static_index_html
Fri May 25 14:55:01 2018: generate_static_index_html
Fri May 25 15:00:01 2018: generate_static_index_html
Fri May 25 15:05:02 2018: generate_static_index_html
Fri May 25 15:10:02 2018: generate_static_index_html
Fri May 25 15:15:02 2018: generate_static_index_html
Fri May 25 15:20:01 2018: generate_static_index_html
Fri May 25 15:55:01 2018: generate_static_index_html
Fri May 25 16:00:01 2018: generate_static_index_html
Fri May 25 16:05:02 2018: generate_static_index_html
Fri May 25 16:10:01 2018: generate_static_index_html
Fri May 25 16:15:01 2018: generate_static_index_html
Fri May 25 16:20:02 2018: generate_static_index_html
Fri May 25 16:25:01 2018: generate_static_index_html
Fri May 25 16:30:01 2018: generate_static_index_html
Fri May 25 16:35:01 2018: generate_static_index_html
Fri May 25 16:40:01 2018: generate_static_index_html
Fri May 25 16:45:01 2018: generate_static_index_html
Fri May 25 16:50:02 2018: generate_static_index_html
Fri May 25 16:55:02 2018: generate_static_index_html
Fri May 25 17:00:02 2018: generate_static_index_html
Fri May 25 17:05:02 2018: generate_static_index_html
Fri May 25 17:10:02 2018: generate_static_index_html
Fri May 25 17:15:01 2018: generate_static_index_html
Fri May 25 17:20:01 2018: generate_static_index_html
Fri May 25 17:25:01 2018: generate_static_index_html
Fri May 25 17:30:01 2018: generate_static_index_html
Fri May 25 17:35:02 2018: generate_static_index_html
Fri May 25 17:40:02 2018: generate_static_index_html
Fri May 25 17:45:01 2018: generate_static_index_html
Fri May 25 17:50:01 2018: generate_static_index_html
Fri May 25 18:02:10 2018: generate_static_index_html
Fri May 25 18:05:02 2018: generate_static_index_html
Fri May 25 18:10:01 2018: generate_static_index_html
Fri May 25 18:15:02 2018: generate_static_index_html
Fri May 25 18:20:02 2018: generate_static_index_html
Fri May 25 18:25:02 2018: generate_static_index_html
Fri May 25 18:30:02 2018: generate_static_index_html
Fri May 25 18:55:02 2018: generate_static_index_html
Fri May 25 19:00:02 2018: generate_static_index_html
Fri May 25 19:05:02 2018: generate_static_index_html
Fri May 25 19:10:01 2018: generate_static_index_html
Fri May 25 19:15:01 2018: generate_static_index_html
Fri May 25 19:20:01 2018: generate_static_index_html
Fri May 25 19:25:02 2018: generate_static_index_html
Fri May 25 19:40:01 2018: generate_static_index_html
Fri May 25 19:50:01 2018: generate_static_index_html
Fri May 25 19:55:02 2018: generate_static_index_html
Fri May 25 20:00:02 2018: generate_static_index_html
Fri May 25 20:05:02 2018: generate_static_index_html
Fri May 25 20:10:02 2018: generate_static_index_html
Fri May 25 20:15:01 2018: generate_static_index_html
Fri May 25 20:20:02 2018: generate_static_index_html
Fri May 25 20:25:01 2018: generate_static_index_html
Fri May 25 22:30:53 2018: generate_static_index_html
Fri May 25 22:35:01 2018: generate_static_index_html
Fri May 25 22:40:02 2018: generate_static_index_html
Fri May 25 22:45:01 2018: generate_static_index_html
Fri May 25 22:50:02 2018: generate_static_index_html
Fri May 25 22:55:01 2018: generate_static_index_html
Fri May 25 23:00:02 2018: generate_static_index_html
Fri May 25 23:05:01 2018: generate_static_index_html
Fri May 25 23:15:02 2018: generate_static_index_html
Fri May 25 23:20:02 2018: generate_static_index_html
Fri May 25 23:25:02 2018: generate_static_index_html
Fri May 25 23:30:02 2018: generate_static_index_html
Fri May 25 23:35:02 2018: generate_static_index_html
Fri May 25 23:40:02 2018: generate_static_index_html
Fri May 25 23:45:02 2018: generate_static_index_html
Fri May 25 23:50:02 2018: generate_static_index_html
Fri May 25 23:55:02 2018: generate_static_index_html
Sat May 26 00:00:02 2018: generate_static_index_html
Sat May 26 00:05:02 2018: generate_static_index_html
Sat May 26 00:10:02 2018: generate_static_index_html
Sat May 26 00:15:01 2018: generate_static_index_html
Sat May 26 00:20:02 2018: generate_static_index_html
Sat May 26 00:25:01 2018: generate_static_index_html
Sat May 26 00:30:01 2018: generate_static_index_html
Sat May 26 00:35:02 2018: generate_static_index_html
Sat May 26 00:40:02 2018: generate_static_index_html
Sat May 26 00:45:01 2018: generate_static_index_html
Sat May 26 00:50:02 2018: generate_static_index_html
Sat May 26 00:55:01 2018: generate_static_index_html
Sat May 26 01:00:01 2018: generate_static_index_html
Sat May 26 01:05:01 2018: generate_static_index_html
Sat May 26 01:10:02 2018: generate_static_index_html
Sat May 26 01:15:01 2018: generate_static_index_html
Sat May 26 01:20:01 2018: generate_static_index_html
Sat May 26 01:25:01 2018: generate_static_index_html
Sat May 26 01:30:01 2018: generate_static_index_html
Sat May 26 01:35:02 2018: generate_static_index_html
Sat May 26 01:40:01 2018: generate_static_index_html
Sat May 26 01:45:02 2018: generate_static_index_html
Sat May 26 01:50:01 2018: generate_static_index_html
Sat May 26 01:55:01 2018: generate_static_index_html
Sat May 26 02:00:01 2018: generate_static_index_html
Sat May 26 02:05:02 2018: generate_static_index_html
Sat May 26 02:10:01 2018: generate_static_index_html
Sat May 26 02:15:01 2018: generate_static_index_html
Sat May 26 02:20:02 2018: generate_static_index_html
Sat May 26 02:25:01 2018: generate_static_index_html
Sat May 26 02:30:01 2018: generate_static_index_html
Sat May 26 02:35:01 2018: generate_static_index_html
Sat May 26 02:40:02 2018: generate_static_index_html
Sat May 26 02:45:01 2018: generate_static_index_html
Sat May 26 02:50:02 2018: generate_static_index_html
Sat May 26 02:55:01 2018: generate_static_index_html
Sat May 26 03:00:01 2018: generate_static_index_html
Sat May 26 03:05:01 2018: generate_static_index_html
Sat May 26 03:10:01 2018: generate_static_index_html
Sat May 26 03:15:01 2018: generate_static_index_html
Sat May 26 03:20:01 2018: generate_static_index_html
Sat May 26 03:25:02 2018: generate_static_index_html
Sat May 26 03:30:01 2018: generate_static_index_html
Sat May 26 03:35:01 2018: generate_static_index_html
Sat May 26 03:40:01 2018: generate_static_index_html
Sat May 26 03:45:01 2018: generate_static_index_html
Sat May 26 03:50:01 2018: generate_static_index_html
Sat May 26 03:55:01 2018: generate_static_index_html
Sat May 26 04:00:01 2018: generate_static_index_html
Sat May 26 04:05:01 2018: generate_static_index_html
Sat May 26 04:10:01 2018: generate_static_index_html
Sat May 26 04:15:01 2018: generate_static_index_html
Sat May 26 04:20:02 2018: generate_static_index_html
Sat May 26 04:25:01 2018: generate_static_index_html
Sat May 26 04:30:01 2018: generate_static_index_html
Sat May 26 04:35:01 2018: generate_static_index_html
Sat May 26 04:40:01 2018: generate_static_index_html
Sat May 26 04:45:01 2018: generate_static_index_html
Sat May 26 04:50:01 2018: generate_static_index_html
Sat May 26 04:55:02 2018: generate_static_index_html
Sat May 26 05:00:01 2018: generate_static_index_html
Sat May 26 05:05:02 2018: generate_static_index_html
Sat May 26 05:10:01 2018: generate_static_index_html
Sat May 26 05:15:01 2018: generate_static_index_html
Sat May 26 05:20:01 2018: generate_static_index_html
Sat May 26 05:25:01 2018: generate_static_index_html
Sat May 26 05:30:01 2018: generate_static_index_html
Sat May 26 05:35:01 2018: generate_static_index_html
Sat May 26 05:40:02 2018: generate_static_index_html
Sat May 26 05:45:01 2018: generate_static_index_html
Sat May 26 05:50:01 2018: generate_static_index_html
Sat May 26 05:55:01 2018: generate_static_index_html
Sat May 26 06:00:01 2018: generate_static_index_html
Sat May 26 06:05:01 2018: generate_static_index_html
Sat May 26 06:10:01 2018: generate_static_index_html
Sat May 26 06:15:02 2018: generate_static_index_html
Sat May 26 06:20:02 2018: generate_static_index_html
Sat May 26 06:25:01 2018: generate_static_index_html
Sat May 26 06:30:01 2018: generate_static_index_html
Sat May 26 06:35:01 2018: generate_static_index_html
Sat May 26 06:40:01 2018: generate_static_index_html
Sat May 26 06:45:01 2018: generate_static_index_html
Sat May 26 06:50:01 2018: generate_static_index_html
Sat May 26 06:55:01 2018: generate_static_index_html
Sat May 26 07:00:01 2018: generate_static_index_html
Sat May 26 07:05:02 2018: generate_static_index_html
Sat May 26 07:10:02 2018: generate_static_index_html
Sat May 26 07:15:01 2018: generate_static_index_html
Sat May 26 07:20:02 2018: generate_static_index_html
Sat May 26 07:25:01 2018: generate_static_index_html
Sat May 26 23:35:02 2018: generate_static_index_html
Sun May 27 08:30:02 2018: generate_static_index_html
Sun May 27 08:35:02 2018: generate_static_index_html
Sun May 27 08:40:01 2018: generate_static_index_html
Sun May 27 08:45:01 2018: generate_static_index_html
Sun May 27 08:50:01 2018: generate_static_index_html
Sun May 27 08:55:02 2018: generate_static_index_html
Sun May 27 09:00:01 2018: generate_static_index_html
Sun May 27 09:05:01 2018: generate_static_index_html
Sun May 27 09:10:01 2018: generate_static_index_html
Sun May 27 09:15:01 2018: generate_static_index_html
Sun May 27 09:20:01 2018: generate_static_index_html
Sun May 27 09:31:43 2018: generate_static_index_html
Sun May 27 09:35:01 2018: generate_static_index_html
Sun May 27 09:40:01 2018: generate_static_index_html
Sun May 27 09:45:01 2018: generate_static_index_html
Sun May 27 09:50:01 2018: generate_static_index_html
Sun May 27 09:55:01 2018: generate_static_index_html
Sun May 27 10:00:01 2018: generate_static_index_html
Sun May 27 10:05:01 2018: generate_static_index_html
Sun May 27 10:10:01 2018: generate_static_index_html
Sun May 27 10:15:01 2018: generate_static_index_html
Sun May 27 10:20:01 2018: generate_static_index_html
Sun May 27 10:30:29 2018: generate_static_index_html
Sun May 27 10:35:01 2018: generate_static_index_html
Sun May 27 10:40:01 2018: generate_static_index_html
Sun May 27 10:45:01 2018: generate_static_index_html
Sun May 27 10:50:02 2018: generate_static_index_html
Sun May 27 10:55:01 2018: generate_static_index_html
Sun May 27 11:00:01 2018: generate_static_index_html
Sun May 27 11:05:01 2018: generate_static_index_html
Sun May 27 11:10:01 2018: generate_static_index_html
Sun May 27 11:15:01 2018: generate_static_index_html
Sun May 27 11:20:02 2018: generate_static_index_html
Sun May 27 11:40:01 2018: generate_static_index_html
Sun May 27 11:45:01 2018: generate_static_index_html
Sun May 27 11:50:00 2018: generate_static_index_html
Sun May 27 11:55:01 2018: generate_static_index_html
Sun May 27 12:00:01 2018: generate_static_index_html
Sun May 27 12:05:01 2018: generate_static_index_html
Sun May 27 12:10:00 2018: generate_static_index_html
Sun May 27 12:15:01 2018: generate_static_index_html
Sun May 27 12:20:01 2018: generate_static_index_html
Sun May 27 12:25:01 2018: generate_static_index_html
Sun May 27 12:30:01 2018: generate_static_index_html
Sun May 27 13:25:01 2018: generate_static_index_html
Sun May 27 13:30:01 2018: generate_static_index_html
Sun May 27 13:35:01 2018: generate_static_index_html
Sun May 27 13:40:01 2018: generate_static_index_html
Sun May 27 13:45:01 2018: generate_static_index_html
Sun May 27 13:50:01 2018: generate_static_index_html
Sun May 27 13:55:01 2018: generate_static_index_html
Sun May 27 14:00:01 2018: generate_static_index_html
Sun May 27 14:05:01 2018: generate_static_index_html
Sun May 27 14:10:01 2018: generate_static_index_html
Sun May 27 14:15:01 2018: generate_static_index_html
Sun May 27 14:20:01 2018: generate_static_index_html
Sun May 27 14:25:01 2018: generate_static_index_html
Sun May 27 14:50:02 2018: generate_static_index_html
Sun May 27 14:55:02 2018: generate_static_index_html
Sun May 27 15:00:02 2018: generate_static_index_html
Sun May 27 15:05:02 2018: generate_static_index_html
Sun May 27 15:10:02 2018: generate_static_index_html
Sun May 27 15:15:01 2018: generate_static_index_html
Sun May 27 15:20:02 2018: generate_static_index_html
Sun May 27 15:25:04 2018: generate_static_index_html
Sun May 27 15:30:01 2018: generate_static_index_html
Sun May 27 15:35:01 2018: generate_static_index_html
Sun May 27 15:40:02 2018: generate_static_index_html
Sun May 27 15:45:01 2018: generate_static_index_html
Sun May 27 15:50:02 2018: generate_static_index_html
Sun May 27 15:55:01 2018: generate_static_index_html
Sun May 27 16:00:01 2018: generate_static_index_html
Sun May 27 16:05:01 2018: generate_static_index_html
Sun May 27 16:10:02 2018: generate_static_index_html
Sun May 27 16:15:01 2018: generate_static_index_html
Sun May 27 16:20:02 2018: generate_static_index_html
Sun May 27 16:25:02 2018: generate_static_index_html
Sun May 27 16:30:04 2018: generate_static_index_html
Sun May 27 16:35:01 2018: generate_static_index_html
Sun May 27 16:40:02 2018: generate_static_index_html
Sun May 27 16:45:02 2018: generate_static_index_html
Sun May 27 16:50:02 2018: generate_static_index_html
Sun May 27 16:55:02 2018: generate_static_index_html
Sun May 27 17:00:02 2018: generate_static_index_html
Sun May 27 17:05:08 2018: generate_static_index_html
Sun May 27 17:10:01 2018: generate_static_index_html
Sun May 27 17:15:02 2018: generate_static_index_html
Sun May 27 17:20:02 2018: generate_static_index_html
Sun May 27 17:25:02 2018: generate_static_index_html
Sun May 27 17:30:02 2018: generate_static_index_html
Sun May 27 17:35:01 2018: generate_static_index_html
Sun May 27 17:40:02 2018: generate_static_index_html
Sun May 27 17:45:02 2018: generate_static_index_html
Sun May 27 17:50:02 2018: generate_static_index_html
Sun May 27 17:55:02 2018: generate_static_index_html
Sun May 27 18:00:02 2018: generate_static_index_html
Mon May 28 13:30:01 2018: generate_static_index_html
Mon May 28 13:35:02 2018: generate_static_index_html
Mon May 28 13:40:02 2018: generate_static_index_html
Mon May 28 13:45:02 2018: generate_static_index_html
Mon May 28 13:50:01 2018: generate_static_index_html
Mon May 28 13:55:02 2018: generate_static_index_html
Mon May 28 14:00:02 2018: generate_static_index_html
Mon May 28 14:05:02 2018: generate_static_index_html
Mon May 28 14:10:02 2018: generate_static_index_html
Mon May 28 14:15:01 2018: generate_static_index_html
Mon May 28 14:20:01 2018: generate_static_index_html
Mon May 28 14:25:02 2018: generate_static_index_html
Mon May 28 14:40:02 2018: generate_static_index_html
Mon May 28 15:00:02 2018: generate_static_index_html
Mon May 28 15:05:02 2018: generate_static_index_html
Mon May 28 15:10:01 2018: generate_static_index_html
Mon May 28 15:15:02 2018: generate_static_index_html
Mon May 28 15:20:02 2018: generate_static_index_html
Mon May 28 15:25:01 2018: generate_static_index_html
Mon May 28 15:30:02 2018: generate_static_index_html
Mon May 28 15:35:01 2018: generate_static_index_html
Mon May 28 15:40:01 2018: generate_static_index_html
Mon May 28 15:45:01 2018: generate_static_index_html
Mon May 28 15:50:01 2018: generate_static_index_html
Mon May 28 15:55:01 2018: generate_static_index_html
Mon May 28 16:00:01 2018: generate_static_index_html
Mon May 28 16:05:01 2018: generate_static_index_html
Mon May 28 16:10:01 2018: generate_static_index_html
Mon May 28 16:15:01 2018: generate_static_index_html
Mon May 28 16:35:02 2018: generate_static_index_html
Mon May 28 16:40:02 2018: generate_static_index_html
Mon May 28 16:45:01 2018: generate_static_index_html
Mon May 28 16:50:01 2018: generate_static_index_html
Mon May 28 16:55:01 2018: generate_static_index_html
Mon May 28 17:00:01 2018: generate_static_index_html
Mon May 28 17:05:01 2018: generate_static_index_html
Mon May 28 17:10:01 2018: generate_static_index_html
Mon May 28 17:15:01 2018: generate_static_index_html
Mon May 28 17:20:01 2018: generate_static_index_html
Mon May 28 17:25:02 2018: generate_static_index_html
Mon May 28 17:30:02 2018: generate_static_index_html
Mon May 28 17:35:02 2018: generate_static_index_html
Mon May 28 17:40:01 2018: generate_static_index_html
Mon May 28 17:45:01 2018: generate_static_index_html
Mon May 28 17:50:02 2018: generate_static_index_html
Mon May 28 17:55:01 2018: generate_static_index_html
Mon May 28 18:00:02 2018: generate_static_index_html
Mon May 28 18:05:01 2018: generate_static_index_html
Mon May 28 18:10:02 2018: generate_static_index_html
Mon May 28 18:15:02 2018: generate_static_index_html
Mon May 28 18:20:01 2018: generate_static_index_html
Mon May 28 18:25:02 2018: generate_static_index_html
Mon May 28 18:30:02 2018: generate_static_index_html
Mon May 28 19:10:01 2018: generate_static_index_html
Mon May 28 19:15:01 2018: generate_static_index_html
Mon May 28 19:20:01 2018: generate_static_index_html
Mon May 28 19:25:02 2018: generate_static_index_html
Mon May 28 19:35:01 2018: generate_static_index_html
Mon May 28 19:40:02 2018: generate_static_index_html
Mon May 28 19:45:01 2018: generate_static_index_html
Mon May 28 20:15:02 2018: generate_static_index_html
Mon May 28 20:20:01 2018: generate_static_index_html
Mon May 28 21:45:02 2018: generate_static_index_html
Mon May 28 21:50:02 2018: generate_static_index_html
Mon May 28 21:55:02 2018: generate_static_index_html
Mon May 28 22:00:01 2018: generate_static_index_html
Mon May 28 22:05:02 2018: generate_static_index_html
Mon May 28 22:10:02 2018: generate_static_index_html
Mon May 28 22:15:01 2018: generate_static_index_html
Mon May 28 22:20:02 2018: generate_static_index_html
Mon May 28 22:25:01 2018: generate_static_index_html
Mon May 28 22:30:02 2018: generate_static_index_html
Mon May 28 22:35:01 2018: generate_static_index_html
Mon May 28 22:40:01 2018: generate_static_index_html
Mon May 28 22:45:01 2018: generate_static_index_html
Mon May 28 22:50:01 2018: generate_static_index_html
Mon May 28 22:55:01 2018: generate_static_index_html
Mon May 28 23:00:02 2018: generate_static_index_html
Mon May 28 23:05:02 2018: generate_static_index_html
Mon May 28 23:10:01 2018: generate_static_index_html
Mon May 28 23:15:02 2018: generate_static_index_html
Mon May 28 23:20:02 2018: generate_static_index_html
Mon May 28 23:25:01 2018: generate_static_index_html
Mon May 28 23:30:01 2018: generate_static_index_html
Mon May 28 23:35:02 2018: generate_static_index_html
Mon May 28 23:40:02 2018: generate_static_index_html
Mon May 28 23:45:01 2018: generate_static_index_html
Mon May 28 23:50:01 2018: generate_static_index_html
Mon May 28 23:55:01 2018: generate_static_index_html
Tue May 29 00:00:02 2018: generate_static_index_html
Tue May 29 00:05:01 2018: generate_static_index_html
Tue May 29 00:10:02 2018: generate_static_index_html
Tue May 29 00:15:01 2018: generate_static_index_html
Tue May 29 00:20:01 2018: generate_static_index_html
Tue May 29 00:25:01 2018: generate_static_index_html
Tue May 29 00:30:01 2018: generate_static_index_html
Tue May 29 00:35:01 2018: generate_static_index_html
Tue May 29 00:40:01 2018: generate_static_index_html
Tue May 29 00:45:01 2018: generate_static_index_html
Tue May 29 00:50:01 2018: generate_static_index_html
Tue May 29 00:55:02 2018: generate_static_index_html
Tue May 29 01:00:02 2018: generate_static_index_html
Tue May 29 01:05:02 2018: generate_static_index_html
Tue May 29 01:10:02 2018: generate_static_index_html
Tue May 29 01:15:02 2018: generate_static_index_html
Tue May 29 01:20:02 2018: generate_static_index_html
Tue May 29 01:25:01 2018: generate_static_index_html
Tue May 29 01:30:02 2018: generate_static_index_html
Tue May 29 01:35:01 2018: generate_static_index_html
Tue May 29 01:40:02 2018: generate_static_index_html
Tue May 29 01:45:02 2018: generate_static_index_html
Tue May 29 09:10:02 2018: generate_static_index_html
Tue May 29 09:15:02 2018: generate_static_index_html
Tue May 29 09:20:01 2018: generate_static_index_html
Tue May 29 09:25:01 2018: generate_static_index_html
Tue May 29 09:45:01 2018: generate_static_index_html
Tue May 29 09:50:02 2018: generate_static_index_html
Tue May 29 09:55:02 2018: generate_static_index_html
Tue May 29 10:00:02 2018: generate_static_index_html
Tue May 29 10:05:01 2018: generate_static_index_html
Tue May 29 10:10:01 2018: generate_static_index_html
Tue May 29 10:15:03 2018: generate_static_index_html
